\BOOKMARK [0][-]{chapter*.2}{\376\377\000P\000r\000e\000f\000a\000c\000e}{}% 1
\BOOKMARK [0][-]{chapter.1}{\376\377\000I\000n\000t\000r\000o\000d\000u\000c\000t\000i\000o\000n}{}% 2
\BOOKMARK [1][-]{section.1.1}{\376\377\000T\000h\000e\000\040\000P\000a\000r\000a\000d\000i\000g\000m\000\040\000S\000h\000i\000f\000t\000\040\000i\000n\000\040\000E\000d\000T\000e\000c\000h}{chapter.1}% 3
\BOOKMARK [1][-]{section.1.2}{\376\377\000S\000y\000s\000t\000e\000m\000\040\000O\000b\000j\000e\000c\000t\000i\000v\000e\000s}{chapter.1}% 4
\BOOKMARK [2][-]{subsection.1.2.1}{\376\377\0001\000.\000\040\000L\000e\000a\000r\000n\000i\000n\000g\000\040\000E\000f\000f\000i\000c\000i\000e\000n\000c\000y}{section.1.2}% 5
\BOOKMARK [2][-]{subsection.1.2.2}{\376\377\0002\000.\000\040\000I\000n\000t\000e\000g\000r\000i\000t\000y\000\040\000A\000s\000s\000u\000r\000a\000n\000c\000e}{section.1.2}% 6
\BOOKMARK [2][-]{subsection.1.2.3}{\376\377\0003\000.\000\040\000O\000p\000e\000r\000a\000t\000i\000o\000n\000a\000l\000\040\000E\000l\000a\000s\000t\000i\000c\000i\000t\000y}{section.1.2}% 7
\BOOKMARK [1][-]{section.1.3}{\376\377\000U\000s\000e\000r\000\040\000P\000e\000r\000s\000o\000n\000a\000s}{chapter.1}% 8
\BOOKMARK [0][-]{chapter.2}{\376\377\000A\000r\000c\000h\000i\000t\000e\000c\000t\000u\000r\000e\000\040\000P\000a\000t\000t\000e\000r\000n\000s}{}% 9
\BOOKMARK [1][-]{section.2.1}{\376\377\000T\000h\000e\000\040\000M\000i\000c\000r\000o\000s\000e\000r\000v\000i\000c\000e\000s\000\040\000M\000a\000n\000i\000f\000e\000s\000t\000o}{chapter.2}% 10
\BOOKMARK [1][-]{section.2.2}{\376\377\000S\000y\000n\000c\000h\000r\000o\000n\000o\000u\000s\000\040\000v\000s\000.\000\040\000A\000s\000y\000n\000c\000h\000r\000o\000n\000o\000u\000s\000\040\000C\000o\000m\000m\000u\000n\000i\000c\000a\000t\000i\000o\000n\000s}{chapter.2}% 11
\BOOKMARK [2][-]{subsection.2.2.1}{\376\377\000T\000h\000e\000\040\000R\000e\000a\000d\000\040\000P\000a\000t\000h\000\040\000\050\000S\000y\000n\000c\000h\000r\000o\000n\000o\000u\000s\000\051}{section.2.2}% 12
\BOOKMARK [2][-]{subsection.2.2.2}{\376\377\000T\000h\000e\000\040\000W\000r\000i\000t\000e\000\040\000P\000a\000t\000h\000\040\000\050\000A\000s\000y\000n\000c\000h\000r\000o\000n\000o\000u\000s\000/\000E\000v\000e\000n\000t\000-\000D\000r\000i\000v\000e\000n\000\051}{section.2.2}% 13
\BOOKMARK [1][-]{section.2.3}{\376\377\000S\000c\000a\000l\000a\000b\000i\000l\000i\000t\000y\000\040\000P\000a\000t\000t\000e\000r\000n\000s}{chapter.2}% 14
\BOOKMARK [2][-]{subsection.2.3.1}{\376\377\000H\000o\000r\000i\000z\000o\000n\000t\000a\000l\000\040\000P\000o\000d\000\040\000A\000u\000t\000o\000s\000c\000a\000l\000i\000n\000g\000\040\000\050\000H\000P\000A\000\051}{section.2.3}% 15
\BOOKMARK [2][-]{subsection.2.3.2}{\376\377\000D\000a\000t\000a\000b\000a\000s\000e\000\040\000S\000h\000a\000r\000d\000i\000n\000g}{section.2.3}% 16
\BOOKMARK [0][-]{chapter.3}{\376\377\000I\000d\000e\000n\000t\000i\000t\000y\000\040\000\046\000\040\000S\000e\000c\000u\000r\000i\000t\000y}{}% 17
\BOOKMARK [1][-]{section.3.1}{\376\377\000T\000h\000e\000\040\000F\000e\000d\000e\000r\000a\000t\000e\000d\000\040\000I\000d\000e\000n\000t\000i\000t\000y\000\040\000M\000o\000d\000e\000l}{chapter.3}% 18
\BOOKMARK [1][-]{section.3.2}{\376\377\000J\000W\000T\000\040\000A\000n\000a\000t\000o\000m\000y\000\040\000\046\000\040\000S\000e\000c\000u\000r\000i\000t\000y}{chapter.3}% 19
\BOOKMARK [1][-]{section.3.3}{\376\377\000R\000o\000l\000e\000-\000B\000a\000s\000e\000d\000\040\000A\000c\000c\000e\000s\000s\000\040\000C\000o\000n\000t\000r\000o\000l\000\040\000\050\000R\000B\000A\000C\000\051}{chapter.3}% 20
\BOOKMARK [0][-]{chapter.4}{\376\377\000T\000h\000e\000\040\000C\000o\000u\000r\000s\000e\000\040\000E\000n\000g\000i\000n\000e}{}% 21
\BOOKMARK [1][-]{section.4.1}{\376\377\000C\000o\000n\000t\000e\000n\000t\000\040\000H\000i\000e\000r\000a\000r\000c\000h\000y\000\040\000D\000e\000s\000i\000g\000n}{chapter.4}% 22
\BOOKMARK [1][-]{section.4.2}{\376\377\000V\000i\000d\000e\000o\000\040\000T\000r\000a\000n\000s\000c\000o\000d\000i\000n\000g\000\040\000P\000i\000p\000e\000l\000i\000n\000e}{chapter.4}% 23
\BOOKMARK [1][-]{section.4.3}{\376\377\000S\000a\000n\000d\000b\000o\000x\000\040\000E\000x\000e\000c\000u\000t\000i\000o\000n\000\040\000E\000n\000v\000i\000r\000o\000n\000m\000e\000n\000t}{chapter.4}% 24
\BOOKMARK [0][-]{chapter.5}{\376\377\000T\000h\000e\000\040\000A\000I\000\040\000C\000o\000r\000e\000\040\000\050\000R\000A\000G\000\051}{}% 25
\BOOKMARK [1][-]{section.5.1}{\376\377\000B\000e\000y\000o\000n\000d\000\040\000K\000e\000y\000w\000o\000r\000d\000\040\000S\000e\000a\000r\000c\000h}{chapter.5}% 26
\BOOKMARK [1][-]{section.5.2}{\376\377\000T\000h\000e\000\040\000I\000n\000d\000e\000x\000i\000n\000g\000\040\000P\000i\000p\000e\000l\000i\000n\000e}{chapter.5}% 27
\BOOKMARK [1][-]{section.5.3}{\376\377\000P\000r\000o\000m\000p\000t\000\040\000E\000n\000g\000i\000n\000e\000e\000r\000i\000n\000g\000\040\000S\000t\000r\000a\000t\000e\000g\000y}{chapter.5}% 28
\BOOKMARK [2][-]{subsection.5.3.1}{\376\377\000T\000h\000e\000\040\000S\000y\000s\000t\000e\000m\000\040\000P\000r\000o\000m\000p\000t\000\040\000s\000t\000r\000u\000c\000t\000u\000r\000e\000:}{section.5.3}% 29
\BOOKMARK [1][-]{section.5.4}{\376\377\000F\000e\000a\000t\000u\000r\000e\000:\000\040\000T\000h\000e\000\040\000"\000E\000x\000p\000l\000a\000i\000n\000\040\000L\000i\000k\000e\000\040\000I\000'\000m\000\040\0005\000"\000\040\000T\000o\000g\000g\000l\000e}{chapter.5}% 30
\BOOKMARK [0][-]{chapter.6}{\376\377\000P\000r\000o\000c\000t\000o\000r\000i\000n\000g\000\040\000V\000i\000s\000i\000o\000n}{}% 31
\BOOKMARK [1][-]{section.6.1}{\376\377\000T\000h\000e\000\040\000E\000t\000h\000i\000c\000s\000\040\000o\000f\000\040\000S\000u\000r\000v\000e\000i\000l\000l\000a\000n\000c\000e}{chapter.6}% 32
\BOOKMARK [1][-]{section.6.2}{\376\377\000C\000o\000m\000p\000u\000t\000e\000r\000\040\000V\000i\000s\000i\000o\000n\000\040\000P\000i\000p\000e\000l\000i\000n\000e}{chapter.6}% 33
\BOOKMARK [2][-]{subsection.6.2.1}{\376\377\0001\000.\000\040\000F\000a\000c\000e\000\040\000M\000e\000s\000h\000\040\000\050\0004\0006\0008\000\040\000L\000a\000n\000d\000m\000a\000r\000k\000s\000\051}{section.6.2}% 34
\BOOKMARK [2][-]{subsection.6.2.2}{\376\377\0002\000.\000\040\000I\000r\000i\000s\000\040\000T\000r\000a\000c\000k\000i\000n\000g}{section.6.2}% 35
\BOOKMARK [1][-]{section.6.3}{\376\377\000A\000u\000d\000i\000o\000\040\000A\000n\000a\000l\000y\000s\000i\000s}{chapter.6}% 36
\BOOKMARK [0][-]{chapter.7}{\376\377\000I\000n\000f\000r\000a\000s\000t\000r\000u\000c\000t\000u\000r\000e\000\040\000\046\000\040\000D\000e\000v\000O\000p\000s}{}% 37
\BOOKMARK [1][-]{section.7.1}{\376\377\000T\000h\000e\000\040\000C\000l\000o\000u\000d\000\040\000A\000g\000n\000o\000s\000t\000i\000c\000\040\000P\000r\000o\000m\000i\000s\000e}{chapter.7}% 38
\BOOKMARK [1][-]{section.7.2}{\376\377\000K\000u\000b\000e\000r\000n\000e\000t\000e\000s\000\040\000A\000r\000c\000h\000i\000t\000e\000c\000t\000u\000r\000e}{chapter.7}% 39
\BOOKMARK [1][-]{section.7.3}{\376\377\000D\000i\000s\000a\000s\000t\000e\000r\000\040\000R\000e\000c\000o\000v\000e\000r\000y\000\040\000\050\000D\000R\000\051}{chapter.7}% 40
\BOOKMARK [2][-]{subsection.7.3.1}{\376\377\000R\000P\000O\000\040\000\050\000R\000e\000c\000o\000v\000e\000r\000y\000\040\000P\000o\000i\000n\000t\000\040\000O\000b\000j\000e\000c\000t\000i\000v\000e\000\051}{section.7.3}% 41
\BOOKMARK [2][-]{subsection.7.3.2}{\376\377\000R\000T\000O\000\040\000\050\000R\000e\000c\000o\000v\000e\000r\000y\000\040\000T\000i\000m\000e\000\040\000O\000b\000j\000e\000c\000t\000i\000v\000e\000\051}{section.7.3}% 42
\BOOKMARK [0][-]{chapter.8}{\376\377\000R\000o\000a\000d\000m\000a\000p\000\040\000\046\000\040\000V\000i\000s\000i\000o\000n}{}% 43
\BOOKMARK [1][-]{section.8.1}{\376\377\000P\000h\000a\000s\000e\000\040\0001\000:\000\040\000T\000h\000e\000\040\000"\000M\000o\000b\000i\000l\000e\000\040\000F\000i\000r\000s\000t\000"\000\040\000P\000i\000v\000o\000t\000\040\000\050\000Q\0002\000\040\0002\0000\0002\0006\000\051}{chapter.8}% 44
\BOOKMARK [1][-]{section.8.2}{\376\377\000P\000h\000a\000s\000e\000\040\0002\000:\000\040\000T\000h\000e\000\040\000"\000G\000l\000o\000b\000a\000l\000\040\000C\000l\000a\000s\000s\000r\000o\000o\000m\000"\000\040\000\050\0002\0000\0002\0007\000\051}{chapter.8}% 45
\BOOKMARK [1][-]{section.8.3}{\376\377\000P\000h\000a\000s\000e\000\040\0003\000:\000\040\000D\000e\000e\000p\000\040\000P\000e\000r\000s\000o\000n\000a\000l\000i\000z\000a\000t\000i\000o\000n\000\040\000\050\0002\0000\0002\0008\000\051}{chapter.8}% 46
\BOOKMARK [1][-]{section.8.4}{\376\377\000C\000o\000n\000c\000l\000u\000s\000i\000o\000n}{chapter.8}% 47
\BOOKMARK [0][-]{appendix.A}{\376\377\000A\000p\000p\000e\000n\000d\000i\000x\000\040\000A\000:\000\040\000A\000P\000I\000\040\000R\000e\000f\000e\000r\000e\000n\000c\000e}{}% 48
\BOOKMARK [1][-]{section.A.1}{\376\377\000A\000u\000t\000h\000e\000n\000t\000i\000c\000a\000t\000i\000o\000n}{appendix.A}% 49
\BOOKMARK [2][-]{subsection.A.1.1}{\376\377\000P\000O\000S\000T\000\040\000/\000a\000u\000t\000h\000/\000l\000o\000g\000i\000n}{section.A.1}% 50
\BOOKMARK [2][-]{subsection.A.1.2}{\376\377\000P\000O\000S\000T\000\040\000/\000a\000u\000t\000h\000/\000r\000e\000f\000r\000e\000s\000h}{section.A.1}% 51
\BOOKMARK [1][-]{section.A.2}{\376\377\000C\000o\000u\000r\000s\000e\000\040\000M\000a\000n\000a\000g\000e\000m\000e\000n\000t}{appendix.A}% 52
\BOOKMARK [2][-]{subsection.A.2.1}{\376\377\000G\000E\000T\000\040\000/\000c\000o\000u\000r\000s\000e\000s}{section.A.2}% 53
\BOOKMARK [2][-]{subsection.A.2.2}{\376\377\000P\000O\000S\000T\000\040\000/\000c\000o\000u\000r\000s\000e\000s}{section.A.2}% 54
\BOOKMARK [2][-]{subsection.A.2.3}{\376\377\000G\000E\000T\000\040\000/\000c\000o\000u\000r\000s\000e\000s\000/\000:\000i\000d\000/\000m\000o\000d\000u\000l\000e\000s}{section.A.2}% 55
\BOOKMARK [2][-]{subsection.A.2.4}{\376\377\000P\000O\000S\000T\000\040\000/\000c\000o\000u\000r\000s\000e\000s\000/\000:\000i\000d\000/\000e\000n\000r\000o\000l\000l}{section.A.2}% 56
\BOOKMARK [1][-]{section.A.3}{\376\377\000V\000i\000d\000e\000o\000\040\000S\000t\000r\000e\000a\000m\000i\000n\000g}{appendix.A}% 57
\BOOKMARK [2][-]{subsection.A.3.1}{\376\377\000G\000E\000T\000\040\000/\000v\000i\000d\000e\000o\000/\000:\000i\000d\000/\000m\000a\000n\000i\000f\000e\000s\000t\000.\000m\0003\000u\0008}{section.A.3}% 58
\BOOKMARK [2][-]{subsection.A.3.2}{\376\377\000G\000E\000T\000\040\000/\000v\000i\000d\000e\000o\000/\000:\000i\000d\000/\000s\000e\000g\000m\000e\000n\000t\000/\000:\000q\000u\000a\000l\000i\000t\000y\000/\000:\000t\000s}{section.A.3}% 59
\BOOKMARK [1][-]{section.A.4}{\376\377\000P\000r\000o\000c\000t\000o\000r\000i\000n\000g}{appendix.A}% 60
\BOOKMARK [2][-]{subsection.A.4.1}{\376\377\000P\000O\000S\000T\000\040\000/\000p\000r\000o\000c\000t\000o\000r\000/\000s\000e\000s\000s\000i\000o\000n\000/\000s\000t\000a\000r\000t}{section.A.4}% 61
\BOOKMARK [2][-]{subsection.A.4.2}{\376\377\000P\000O\000S\000T\000\040\000/\000p\000r\000o\000c\000t\000o\000r\000/\000e\000v\000e\000n\000t}{section.A.4}% 62
\BOOKMARK [2][-]{subsection.A.4.3}{\376\377\000P\000O\000S\000T\000\040\000/\000p\000r\000o\000c\000t\000o\000r\000/\000s\000n\000a\000p\000s\000h\000o\000t}{section.A.4}% 63
\BOOKMARK [1][-]{section.A.5}{\376\377\000A\000n\000a\000l\000y\000t\000i\000c\000s}{appendix.A}% 64
\BOOKMARK [2][-]{subsection.A.5.1}{\376\377\000G\000E\000T\000\040\000/\000a\000n\000a\000l\000y\000t\000i\000c\000s\000/\000s\000t\000u\000d\000e\000n\000t\000/\000p\000r\000o\000g\000r\000e\000s\000s}{section.A.5}% 65
\BOOKMARK [2][-]{subsection.A.5.2}{\376\377\000G\000E\000T\000\040\000/\000a\000n\000a\000l\000y\000t\000i\000c\000s\000/\000c\000o\000u\000r\000s\000e\000/\000d\000r\000o\000p\000o\000f\000f}{section.A.5}% 66
\BOOKMARK [1][-]{section.A.6}{\376\377\000U\000s\000e\000r\000\040\000P\000r\000o\000f\000i\000l\000e}{appendix.A}% 67
\BOOKMARK [2][-]{subsection.A.6.1}{\376\377\000G\000E\000T\000\040\000/\000u\000s\000e\000r\000/\000m\000e}{section.A.6}% 68
\BOOKMARK [2][-]{subsection.A.6.2}{\376\377\000P\000U\000T\000\040\000/\000u\000s\000e\000r\000/\000m\000e}{section.A.6}% 69
\BOOKMARK [2][-]{subsection.A.6.3}{\376\377\000D\000E\000L\000E\000T\000E\000\040\000/\000u\000s\000e\000r\000/\000m\000e}{section.A.6}% 70
\BOOKMARK [1][-]{section.A.7}{\376\377\000S\000y\000s\000t\000e\000m\000\040\000H\000e\000a\000l\000t\000h}{appendix.A}% 71
\BOOKMARK [2][-]{subsection.A.7.1}{\376\377\000G\000E\000T\000\040\000/\000h\000e\000a\000l\000t\000h}{section.A.7}% 72
\BOOKMARK [2][-]{subsection.A.7.2}{\376\377\000G\000E\000T\000\040\000/\000r\000e\000a\000d\000y}{section.A.7}% 73
\BOOKMARK [0][-]{appendix.B}{\376\377\000A\000p\000p\000e\000n\000d\000i\000x\000\040\000B\000:\000\040\000G\000l\000o\000s\000s\000a\000r\000y}{}% 74
\BOOKMARK [1][-]{section.B.1}{\376\377\000T\000e\000r\000m\000s\000\040\000\046\000\040\000D\000e\000f\000i\000n\000i\000t\000i\000o\000n\000s}{appendix.B}% 75
